Analysis & Synthesis report for Vhdl1
Tue Nov 28 18:18:29 2023
Quartus II 64-Bit Version 13.1.0 Build 162 10/23/2013 SJ Web Edition


---------------------
; Table of Contents ;
---------------------
  1. Legal Notice
  2. Analysis & Synthesis Summary
  3. Analysis & Synthesis Settings
  4. Parallel Compilation
  5. Analysis & Synthesis Source Files Read
  6. Analysis & Synthesis Resource Usage Summary
  7. Analysis & Synthesis Resource Utilization by Entity
  8. State Machine - |Vhdl1|SwitchCounter:inst1242154215215215215|next_state
  9. Registers Removed During Synthesis
 10. General Register Statistics
 11. Inverted Register Statistics
 12. Multiplexer Restructuring Statistics (Restructuring Performed)
 13. Parameter Settings for Inferred Entity Instance: sixteenBinaryToSegments:inst17|lpm_divide:Mod0
 14. Parameter Settings for Inferred Entity Instance: sixteenBinaryToSegments:inst17|lpm_divide:Div0
 15. Elapsed Time Per Partition
 16. Analysis & Synthesis Messages



----------------
; Legal Notice ;
----------------
Copyright (C) 1991-2013 Altera Corporation
Your use of Altera Corporation's design tools, logic functions 
and other software and tools, and its AMPP partner logic 
functions, and any output files from any of the foregoing 
(including device programming or simulation files), and any 
associated documentation or information are expressly subject 
to the terms and conditions of the Altera Program License 
Subscription Agreement, Altera MegaCore Function License 
Agreement, or other applicable license agreement, including, 
without limitation, that your use is for the sole purpose of 
programming logic devices manufactured by Altera and sold by 
Altera or its authorized distributors.  Please refer to the 
applicable agreement for further details.



+---------------------------------------------------------------------------------+
; Analysis & Synthesis Summary                                                    ;
+------------------------------------+--------------------------------------------+
; Analysis & Synthesis Status        ; Successful - Tue Nov 28 18:18:29 2023      ;
; Quartus II 64-Bit Version          ; 13.1.0 Build 162 10/23/2013 SJ Web Edition ;
; Revision Name                      ; Vhdl1                                      ;
; Top-level Entity Name              ; Vhdl1                                      ;
; Family                             ; Cyclone III                                ;
; Total logic elements               ; 973                                        ;
;     Total combinational functions  ; 937                                        ;
;     Dedicated logic registers      ; 356                                        ;
; Total registers                    ; 356                                        ;
; Total pins                         ; 57                                         ;
; Total virtual pins                 ; 0                                          ;
; Total memory bits                  ; 0                                          ;
; Embedded Multiplier 9-bit elements ; 0                                          ;
; Total PLLs                         ; 0                                          ;
+------------------------------------+--------------------------------------------+


+----------------------------------------------------------------------------------------------------------------------+
; Analysis & Synthesis Settings                                                                                        ;
+----------------------------------------------------------------------------+--------------------+--------------------+
; Option                                                                     ; Setting            ; Default Value      ;
+----------------------------------------------------------------------------+--------------------+--------------------+
; Device                                                                     ; EP3C16F484C6       ;                    ;
; Top-level entity name                                                      ; Vhdl1              ; Vhdl1              ;
; Family name                                                                ; Cyclone III        ; Cyclone V          ;
; Use smart compilation                                                      ; Off                ; Off                ;
; Enable parallel Assembler and TimeQuest Timing Analyzer during compilation ; On                 ; On                 ;
; Enable compact report table                                                ; Off                ; Off                ;
; Restructure Multiplexers                                                   ; Auto               ; Auto               ;
; Create Debugging Nodes for IP Cores                                        ; Off                ; Off                ;
; Preserve fewer node names                                                  ; On                 ; On                 ;
; Disable OpenCore Plus hardware evaluation                                  ; Off                ; Off                ;
; Verilog Version                                                            ; Verilog_2001       ; Verilog_2001       ;
; VHDL Version                                                               ; VHDL_1993          ; VHDL_1993          ;
; State Machine Processing                                                   ; Auto               ; Auto               ;
; Safe State Machine                                                         ; Off                ; Off                ;
; Extract Verilog State Machines                                             ; On                 ; On                 ;
; Extract VHDL State Machines                                                ; On                 ; On                 ;
; Ignore Verilog initial constructs                                          ; Off                ; Off                ;
; Iteration limit for constant Verilog loops                                 ; 5000               ; 5000               ;
; Iteration limit for non-constant Verilog loops                             ; 250                ; 250                ;
; Add Pass-Through Logic to Inferred RAMs                                    ; On                 ; On                 ;
; Infer RAMs from Raw Logic                                                  ; On                 ; On                 ;
; Parallel Synthesis                                                         ; On                 ; On                 ;
; DSP Block Balancing                                                        ; Auto               ; Auto               ;
; NOT Gate Push-Back                                                         ; On                 ; On                 ;
; Power-Up Don't Care                                                        ; On                 ; On                 ;
; Remove Redundant Logic Cells                                               ; Off                ; Off                ;
; Remove Duplicate Registers                                                 ; On                 ; On                 ;
; Ignore CARRY Buffers                                                       ; Off                ; Off                ;
; Ignore CASCADE Buffers                                                     ; Off                ; Off                ;
; Ignore GLOBAL Buffers                                                      ; Off                ; Off                ;
; Ignore ROW GLOBAL Buffers                                                  ; Off                ; Off                ;
; Ignore LCELL Buffers                                                       ; Off                ; Off                ;
; Ignore SOFT Buffers                                                        ; On                 ; On                 ;
; Limit AHDL Integers to 32 Bits                                             ; Off                ; Off                ;
; Optimization Technique                                                     ; Balanced           ; Balanced           ;
; Carry Chain Length                                                         ; 70                 ; 70                 ;
; Auto Carry Chains                                                          ; On                 ; On                 ;
; Auto Open-Drain Pins                                                       ; On                 ; On                 ;
; Perform WYSIWYG Primitive Resynthesis                                      ; Off                ; Off                ;
; Auto ROM Replacement                                                       ; On                 ; On                 ;
; Auto RAM Replacement                                                       ; On                 ; On                 ;
; Auto DSP Block Replacement                                                 ; On                 ; On                 ;
; Auto Shift Register Replacement                                            ; Auto               ; Auto               ;
; Allow Shift Register Merging across Hierarchies                            ; Auto               ; Auto               ;
; Auto Clock Enable Replacement                                              ; On                 ; On                 ;
; Strict RAM Replacement                                                     ; Off                ; Off                ;
; Allow Synchronous Control Signals                                          ; On                 ; On                 ;
; Force Use of Synchronous Clear Signals                                     ; Off                ; Off                ;
; Auto RAM Block Balancing                                                   ; On                 ; On                 ;
; Auto RAM to Logic Cell Conversion                                          ; Off                ; Off                ;
; Auto Resource Sharing                                                      ; Off                ; Off                ;
; Allow Any RAM Size For Recognition                                         ; Off                ; Off                ;
; Allow Any ROM Size For Recognition                                         ; Off                ; Off                ;
; Allow Any Shift Register Size For Recognition                              ; Off                ; Off                ;
; Use LogicLock Constraints during Resource Balancing                        ; On                 ; On                 ;
; Ignore translate_off and synthesis_off directives                          ; Off                ; Off                ;
; Timing-Driven Synthesis                                                    ; On                 ; On                 ;
; Report Parameter Settings                                                  ; On                 ; On                 ;
; Report Source Assignments                                                  ; On                 ; On                 ;
; Report Connectivity Checks                                                 ; On                 ; On                 ;
; Ignore Maximum Fan-Out Assignments                                         ; Off                ; Off                ;
; Synchronization Register Chain Length                                      ; 2                  ; 2                  ;
; PowerPlay Power Optimization                                               ; Normal compilation ; Normal compilation ;
; HDL message level                                                          ; Level2             ; Level2             ;
; Suppress Register Optimization Related Messages                            ; Off                ; Off                ;
; Number of Removed Registers Reported in Synthesis Report                   ; 5000               ; 5000               ;
; Number of Swept Nodes Reported in Synthesis Report                         ; 5000               ; 5000               ;
; Number of Inverted Registers Reported in Synthesis Report                  ; 100                ; 100                ;
; Clock MUX Protection                                                       ; On                 ; On                 ;
; Auto Gated Clock Conversion                                                ; Off                ; Off                ;
; Block Design Naming                                                        ; Auto               ; Auto               ;
; SDC constraint protection                                                  ; Off                ; Off                ;
; Synthesis Effort                                                           ; Auto               ; Auto               ;
; Shift Register Replacement - Allow Asynchronous Clear Signal               ; On                 ; On                 ;
; Pre-Mapping Resynthesis Optimization                                       ; Off                ; Off                ;
; Analysis & Synthesis Message Level                                         ; Medium             ; Medium             ;
; Disable Register Merging Across Hierarchies                                ; Auto               ; Auto               ;
; Resource Aware Inference For Block RAM                                     ; On                 ; On                 ;
; Synthesis Seed                                                             ; 1                  ; 1                  ;
+----------------------------------------------------------------------------+--------------------+--------------------+


Parallel compilation was disabled, but you have multiple processors available. Enable parallel compilation to reduce compilation time.
+-------------------------------------+
; Parallel Compilation                ;
+----------------------------+--------+
; Processors                 ; Number ;
+----------------------------+--------+
; Number detected on machine ; 8      ;
; Maximum allowed            ; 1      ;
+----------------------------+--------+


+------------------------------------------------------------------------------------------------------------------------------------------------------------------------------------------+
; Analysis & Synthesis Source Files Read                                                                                                                                                   ;
+------------------------------------------+-----------------+------------------------------------+------------------------------------------------------------------------------+---------+
; File Name with User-Entered Path         ; Used in Netlist ; File Type                          ; File Name with Absolute Path                                                 ; Library ;
+------------------------------------------+-----------------+------------------------------------+------------------------------------------------------------------------------+---------+
; SwitchCounter.vhd                        ; yes             ; User VHDL File                     ; J:/ssc2/ssc/ProyectoNegado/switches/SwitchCounter.vhd                        ;         ;
; Vhdl1.bdf                                ; yes             ; User Block Diagram/Schematic File  ; J:/ssc2/ssc/ProyectoNegado/switches/Vhdl1.bdf                                ;         ;
; SevenSegmentDisplay.vhd                  ; yes             ; User VHDL File                     ; J:/ssc2/ssc/ProyectoNegado/switches/SevenSegmentDisplay.vhd                  ;         ;
; contadorSel.vhd                          ; yes             ; User VHDL File                     ; J:/ssc2/ssc/ProyectoNegado/switches/contadorSel.vhd                          ;         ;
; Timer.vhd                                ; yes             ; User VHDL File                     ; J:/ssc2/ssc/ProyectoNegado/switches/Timer.vhd                                ;         ;
; clk_1hz.vhd                              ; yes             ; User VHDL File                     ; J:/ssc2/ssc/ProyectoNegado/switches/clk_1hz.vhd                              ;         ;
; output_files/signalSelector.vhd          ; yes             ; User VHDL File                     ; J:/ssc2/ssc/ProyectoNegado/switches/output_files/signalSelector.vhd          ;         ;
; output_files/sixteenBinaryToSegments.vhd ; yes             ; User VHDL File                     ; J:/ssc2/ssc/ProyectoNegado/switches/output_files/sixteenBinaryToSegments.vhd ;         ;
; output_files/ledDisplay.vhd              ; yes             ; User VHDL File                     ; J:/ssc2/ssc/ProyectoNegado/switches/output_files/ledDisplay.vhd              ;         ;
; output_files/contadorVel.vhd             ; yes             ; User VHDL File                     ; J:/ssc2/ssc/ProyectoNegado/switches/output_files/contadorVel.vhd             ;         ;
; output_files/clk1Mhz.vhd                 ; yes             ; User VHDL File                     ; J:/ssc2/ssc/ProyectoNegado/switches/output_files/clk1Mhz.vhd                 ;         ;
; output_files/alarma.vhd                  ; yes             ; User VHDL File                     ; J:/ssc2/ssc/ProyectoNegado/switches/output_files/alarma.vhd                  ;         ;
; output_files/clk5hz.vhd                  ; yes             ; User VHDL File                     ; J:/ssc2/ssc/ProyectoNegado/switches/output_files/clk5hz.vhd                  ;         ;
; igniteAlarm.vhd                          ; yes             ; User VHDL File                     ; J:/ssc2/ssc/ProyectoNegado/switches/igniteAlarm.vhd                          ;         ;
; output_files/fewLeftAlarm.vhd            ; yes             ; User VHDL File                     ; J:/ssc2/ssc/ProyectoNegado/switches/output_files/fewLeftAlarm.vhd            ;         ;
; resetBox.vhd                             ; yes             ; User VHDL File                     ; J:/ssc2/ssc/ProyectoNegado/switches/resetBox.vhd                             ;         ;
; output_files/Buzzer_Controller.vhd       ; yes             ; User VHDL File                     ; J:/ssc2/ssc/ProyectoNegado/switches/output_files/Buzzer_Controller.vhd       ;         ;
; lpm_divide.tdf                           ; yes             ; Megafunction                       ; c:/altera/13.1/quartus/libraries/megafunctions/lpm_divide.tdf                ;         ;
; abs_divider.inc                          ; yes             ; Megafunction                       ; c:/altera/13.1/quartus/libraries/megafunctions/abs_divider.inc               ;         ;
; sign_div_unsign.inc                      ; yes             ; Megafunction                       ; c:/altera/13.1/quartus/libraries/megafunctions/sign_div_unsign.inc           ;         ;
; aglobal131.inc                           ; yes             ; Megafunction                       ; c:/altera/13.1/quartus/libraries/megafunctions/aglobal131.inc                ;         ;
; db/lpm_divide_f8m.tdf                    ; yes             ; Auto-Generated Megafunction        ; J:/ssc2/ssc/ProyectoNegado/switches/db/lpm_divide_f8m.tdf                    ;         ;
; db/sign_div_unsign_dkh.tdf               ; yes             ; Auto-Generated Megafunction        ; J:/ssc2/ssc/ProyectoNegado/switches/db/sign_div_unsign_dkh.tdf               ;         ;
; db/alt_u_div_53f.tdf                     ; yes             ; Auto-Generated Megafunction        ; J:/ssc2/ssc/ProyectoNegado/switches/db/alt_u_div_53f.tdf                     ;         ;
; db/add_sub_unc.tdf                       ; yes             ; Auto-Generated Megafunction        ; J:/ssc2/ssc/ProyectoNegado/switches/db/add_sub_unc.tdf                       ;         ;
; db/add_sub_vnc.tdf                       ; yes             ; Auto-Generated Megafunction        ; J:/ssc2/ssc/ProyectoNegado/switches/db/add_sub_vnc.tdf                       ;         ;
; db/lpm_divide_9gm.tdf                    ; yes             ; Auto-Generated Megafunction        ; J:/ssc2/ssc/ProyectoNegado/switches/db/lpm_divide_9gm.tdf                    ;         ;
; db/sign_div_unsign_akh.tdf               ; yes             ; Auto-Generated Megafunction        ; J:/ssc2/ssc/ProyectoNegado/switches/db/sign_div_unsign_akh.tdf               ;         ;
; db/alt_u_div_v2f.tdf                     ; yes             ; Auto-Generated Megafunction        ; J:/ssc2/ssc/ProyectoNegado/switches/db/alt_u_div_v2f.tdf                     ;         ;
+------------------------------------------+-----------------+------------------------------------+------------------------------------------------------------------------------+---------+


+---------------------------------------------------------------------+
; Analysis & Synthesis Resource Usage Summary                         ;
+---------------------------------------------+-----------------------+
; Resource                                    ; Usage                 ;
+---------------------------------------------+-----------------------+
; Estimated Total logic elements              ; 973                   ;
;                                             ;                       ;
; Total combinational functions               ; 937                   ;
; Logic element usage by number of LUT inputs ;                       ;
;     -- 4 input functions                    ; 291                   ;
;     -- 3 input functions                    ; 220                   ;
;     -- <=2 input functions                  ; 426                   ;
;                                             ;                       ;
; Logic elements by mode                      ;                       ;
;     -- normal mode                          ; 473                   ;
;     -- arithmetic mode                      ; 464                   ;
;                                             ;                       ;
; Total registers                             ; 356                   ;
;     -- Dedicated logic registers            ; 356                   ;
;     -- I/O registers                        ; 0                     ;
;                                             ;                       ;
; I/O pins                                    ; 57                    ;
; Embedded Multiplier 9-bit elements          ; 0                     ;
; Maximum fan-out node                        ; resetBox:inst21|reset ;
; Maximum fan-out                             ; 204                   ;
; Total fan-out                               ; 4098                  ;
; Average fan-out                             ; 2.91                  ;
+---------------------------------------------+-----------------------+


+---------------------------------------------------------------------------------------------------------------------------------------------------------------------------------------------------------------------------------------------------------------------------------------------------------------+
; Analysis & Synthesis Resource Utilization by Entity                                                                                                                                                                                                                                                           ;
+--------------------------------------------+-------------------+--------------+-------------+--------------+---------+-----------+------+--------------+---------------------------------------------------------------------------------------------------------------------------------------+--------------+
; Compilation Hierarchy Node                 ; LC Combinationals ; LC Registers ; Memory Bits ; DSP Elements ; DSP 9x9 ; DSP 18x18 ; Pins ; Virtual Pins ; Full Hierarchy Name                                                                                                                   ; Library Name ;
+--------------------------------------------+-------------------+--------------+-------------+--------------+---------+-----------+------+--------------+---------------------------------------------------------------------------------------------------------------------------------------+--------------+
; |Vhdl1                                     ; 937 (5)           ; 356 (0)      ; 0           ; 0            ; 0       ; 0         ; 57   ; 0            ; |Vhdl1                                                                                                                                ; work         ;
;    |Buzzer_Controller:inst24|              ; 31 (31)           ; 16 (16)      ; 0           ; 0            ; 0       ; 0         ; 0    ; 0            ; |Vhdl1|Buzzer_Controller:inst24                                                                                                       ; work         ;
;    |ClockDivider:inst29|                   ; 38 (38)           ; 22 (22)      ; 0           ; 0            ; 0       ; 0         ; 0    ; 0            ; |Vhdl1|ClockDivider:inst29                                                                                                            ; work         ;
;    |SevenSegmentDisplay:inst1|             ; 8 (8)             ; 0 (0)        ; 0           ; 0            ; 0       ; 0         ; 0    ; 0            ; |Vhdl1|SevenSegmentDisplay:inst1                                                                                                      ; work         ;
;    |SwitchCounter:inst1242154215215215215| ; 16 (16)           ; 19 (19)      ; 0           ; 0            ; 0       ; 0         ; 0    ; 0            ; |Vhdl1|SwitchCounter:inst1242154215215215215                                                                                          ; work         ;
;    |Timer:inst10|                          ; 45 (45)           ; 18 (18)      ; 0           ; 0            ; 0       ; 0         ; 0    ; 0            ; |Vhdl1|Timer:inst10                                                                                                                   ; work         ;
;    |Timer:inst11|                          ; 45 (45)           ; 18 (18)      ; 0           ; 0            ; 0       ; 0         ; 0    ; 0            ; |Vhdl1|Timer:inst11                                                                                                                   ; work         ;
;    |Timer:inst12|                          ; 45 (45)           ; 18 (18)      ; 0           ; 0            ; 0       ; 0         ; 0    ; 0            ; |Vhdl1|Timer:inst12                                                                                                                   ; work         ;
;    |Timer:inst13|                          ; 45 (45)           ; 18 (18)      ; 0           ; 0            ; 0       ; 0         ; 0    ; 0            ; |Vhdl1|Timer:inst13                                                                                                                   ; work         ;
;    |Timer:inst14|                          ; 45 (45)           ; 18 (18)      ; 0           ; 0            ; 0       ; 0         ; 0    ; 0            ; |Vhdl1|Timer:inst14                                                                                                                   ; work         ;
;    |Timer:inst15|                          ; 45 (45)           ; 18 (18)      ; 0           ; 0            ; 0       ; 0         ; 0    ; 0            ; |Vhdl1|Timer:inst15                                                                                                                   ; work         ;
;    |Timer:inst4|                           ; 45 (45)           ; 18 (18)      ; 0           ; 0            ; 0       ; 0         ; 0    ; 0            ; |Vhdl1|Timer:inst4                                                                                                                    ; work         ;
;    |Timer:inst5|                           ; 45 (45)           ; 18 (18)      ; 0           ; 0            ; 0       ; 0         ; 0    ; 0            ; |Vhdl1|Timer:inst5                                                                                                                    ; work         ;
;    |Timer:inst7|                           ; 45 (45)           ; 18 (18)      ; 0           ; 0            ; 0       ; 0         ; 0    ; 0            ; |Vhdl1|Timer:inst7                                                                                                                    ; work         ;
;    |Timer:inst9|                           ; 45 (45)           ; 18 (18)      ; 0           ; 0            ; 0       ; 0         ; 0    ; 0            ; |Vhdl1|Timer:inst9                                                                                                                    ; work         ;
;    |alarma:inst26|                         ; 72 (72)           ; 16 (16)      ; 0           ; 0            ; 0       ; 0         ; 0    ; 0            ; |Vhdl1|alarma:inst26                                                                                                                  ; work         ;
;    |clk1Mhz:inst22|                        ; 12 (12)           ; 7 (7)        ; 0           ; 0            ; 0       ; 0         ; 0    ; 0            ; |Vhdl1|clk1Mhz:inst22                                                                                                                 ; work         ;
;    |clk_1hz:inst6|                         ; 46 (46)           ; 26 (26)      ; 0           ; 0            ; 0       ; 0         ; 0    ; 0            ; |Vhdl1|clk_1hz:inst6                                                                                                                  ; work         ;
;    |contadorSel:inst3|                     ; 6 (6)             ; 4 (4)        ; 0           ; 0            ; 0       ; 0         ; 0    ; 0            ; |Vhdl1|contadorSel:inst3                                                                                                              ; work         ;
;    |contadorVel:inst|                      ; 14 (14)           ; 18 (18)      ; 0           ; 0            ; 0       ; 0         ; 0    ; 0            ; |Vhdl1|contadorVel:inst                                                                                                               ; work         ;
;    |fewLeftAlarm:inst1234124|              ; 1 (1)             ; 0 (0)        ; 0           ; 0            ; 0       ; 0         ; 0    ; 0            ; |Vhdl1|fewLeftAlarm:inst1234124                                                                                                       ; work         ;
;    |ledDisplay:inst19|                     ; 10 (10)           ; 0 (0)        ; 0           ; 0            ; 0       ; 0         ; 0    ; 0            ; |Vhdl1|ledDisplay:inst19                                                                                                              ; work         ;
;    |resetBox:inst21|                       ; 44 (44)           ; 34 (34)      ; 0           ; 0            ; 0       ; 0         ; 0    ; 0            ; |Vhdl1|resetBox:inst21                                                                                                                ; work         ;
;    |signalSelector:inst16|                 ; 42 (42)           ; 0 (0)        ; 0           ; 0            ; 0       ; 0         ; 0    ; 0            ; |Vhdl1|signalSelector:inst16                                                                                                          ; work         ;
;    |sixteenBinaryToSegments:inst17|        ; 142 (44)          ; 14 (14)      ; 0           ; 0            ; 0       ; 0         ; 0    ; 0            ; |Vhdl1|sixteenBinaryToSegments:inst17                                                                                                 ; work         ;
;       |lpm_divide:Div0|                    ; 43 (0)            ; 0 (0)        ; 0           ; 0            ; 0       ; 0         ; 0    ; 0            ; |Vhdl1|sixteenBinaryToSegments:inst17|lpm_divide:Div0                                                                                 ; work         ;
;          |lpm_divide_9gm:auto_generated|   ; 43 (0)            ; 0 (0)        ; 0           ; 0            ; 0       ; 0         ; 0    ; 0            ; |Vhdl1|sixteenBinaryToSegments:inst17|lpm_divide:Div0|lpm_divide_9gm:auto_generated                                                   ; work         ;
;             |sign_div_unsign_akh:divider|  ; 43 (0)            ; 0 (0)        ; 0           ; 0            ; 0       ; 0         ; 0    ; 0            ; |Vhdl1|sixteenBinaryToSegments:inst17|lpm_divide:Div0|lpm_divide_9gm:auto_generated|sign_div_unsign_akh:divider                       ; work         ;
;                |alt_u_div_v2f:divider|     ; 43 (43)           ; 0 (0)        ; 0           ; 0            ; 0       ; 0         ; 0    ; 0            ; |Vhdl1|sixteenBinaryToSegments:inst17|lpm_divide:Div0|lpm_divide_9gm:auto_generated|sign_div_unsign_akh:divider|alt_u_div_v2f:divider ; work         ;
;       |lpm_divide:Mod0|                    ; 55 (0)            ; 0 (0)        ; 0           ; 0            ; 0       ; 0         ; 0    ; 0            ; |Vhdl1|sixteenBinaryToSegments:inst17|lpm_divide:Mod0                                                                                 ; work         ;
;          |lpm_divide_f8m:auto_generated|   ; 55 (0)            ; 0 (0)        ; 0           ; 0            ; 0       ; 0         ; 0    ; 0            ; |Vhdl1|sixteenBinaryToSegments:inst17|lpm_divide:Mod0|lpm_divide_f8m:auto_generated                                                   ; work         ;
;             |sign_div_unsign_dkh:divider|  ; 55 (0)            ; 0 (0)        ; 0           ; 0            ; 0       ; 0         ; 0    ; 0            ; |Vhdl1|sixteenBinaryToSegments:inst17|lpm_divide:Mod0|lpm_divide_f8m:auto_generated|sign_div_unsign_dkh:divider                       ; work         ;
;                |alt_u_div_53f:divider|     ; 55 (55)           ; 0 (0)        ; 0           ; 0            ; 0       ; 0         ; 0    ; 0            ; |Vhdl1|sixteenBinaryToSegments:inst17|lpm_divide:Mod0|lpm_divide_f8m:auto_generated|sign_div_unsign_dkh:divider|alt_u_div_53f:divider ; work         ;
+--------------------------------------------+-------------------+--------------+-------------+--------------+---------+-----------+------+--------------+---------------------------------------------------------------------------------------------------------------------------------------+--------------+
Note: For table entries with two numbers listed, the numbers in parentheses indicate the number of resources of the given type used by the specific entity alone. The numbers listed outside of parentheses indicate the total resources of the given type used by the specific entity and all of its sub-entities in the hierarchy.


Encoding Type:  One-Hot
+-------------------------------------------------------------------------------------------------------------------------------------------------------------------------------------------------+
; State Machine - |Vhdl1|SwitchCounter:inst1242154215215215215|next_state                                                                                                                         ;
+----------------+----------------+---------------+---------------+---------------+---------------+---------------+---------------+---------------+---------------+---------------+---------------+
; Name           ; next_state.S10 ; next_state.S9 ; next_state.S8 ; next_state.S7 ; next_state.S6 ; next_state.S5 ; next_state.S4 ; next_state.S3 ; next_state.S2 ; next_state.S1 ; next_state.S0 ;
+----------------+----------------+---------------+---------------+---------------+---------------+---------------+---------------+---------------+---------------+---------------+---------------+
; next_state.S0  ; 0              ; 0             ; 0             ; 0             ; 0             ; 0             ; 0             ; 0             ; 0             ; 0             ; 0             ;
; next_state.S1  ; 0              ; 0             ; 0             ; 0             ; 0             ; 0             ; 0             ; 0             ; 0             ; 1             ; 1             ;
; next_state.S2  ; 0              ; 0             ; 0             ; 0             ; 0             ; 0             ; 0             ; 0             ; 1             ; 0             ; 1             ;
; next_state.S3  ; 0              ; 0             ; 0             ; 0             ; 0             ; 0             ; 0             ; 1             ; 0             ; 0             ; 1             ;
; next_state.S4  ; 0              ; 0             ; 0             ; 0             ; 0             ; 0             ; 1             ; 0             ; 0             ; 0             ; 1             ;
; next_state.S5  ; 0              ; 0             ; 0             ; 0             ; 0             ; 1             ; 0             ; 0             ; 0             ; 0             ; 1             ;
; next_state.S6  ; 0              ; 0             ; 0             ; 0             ; 1             ; 0             ; 0             ; 0             ; 0             ; 0             ; 1             ;
; next_state.S7  ; 0              ; 0             ; 0             ; 1             ; 0             ; 0             ; 0             ; 0             ; 0             ; 0             ; 1             ;
; next_state.S8  ; 0              ; 0             ; 1             ; 0             ; 0             ; 0             ; 0             ; 0             ; 0             ; 0             ; 1             ;
; next_state.S9  ; 0              ; 1             ; 0             ; 0             ; 0             ; 0             ; 0             ; 0             ; 0             ; 0             ; 1             ;
; next_state.S10 ; 1              ; 0             ; 0             ; 0             ; 0             ; 0             ; 0             ; 0             ; 0             ; 0             ; 1             ;
+----------------+----------------+---------------+---------------+---------------+---------------+---------------+---------------+---------------+---------------+---------------+---------------+


+---------------------------------------------------------------------------------+
; Registers Removed During Synthesis                                              ;
+------------------------------------------+--------------------------------------+
; Register name                            ; Reason for Removal                   ;
+------------------------------------------+--------------------------------------+
; ClockDivider:inst29|counter[0]           ; Merged with clk_1hz:inst6|counter[0] ;
; ClockDivider:inst29|counter[1]           ; Merged with clk_1hz:inst6|counter[1] ;
; contadorVel:inst|counter_internal[7..15] ; Lost fanout                          ;
; Total Number of Removed Registers = 11   ;                                      ;
+------------------------------------------+--------------------------------------+


+------------------------------------------------------+
; General Register Statistics                          ;
+----------------------------------------------+-------+
; Statistic                                    ; Value ;
+----------------------------------------------+-------+
; Total registers                              ; 356   ;
; Number of registers using Synchronous Clear  ; 199   ;
; Number of registers using Synchronous Load   ; 7     ;
; Number of registers using Asynchronous Clear ; 177   ;
; Number of registers using Asynchronous Load  ; 0     ;
; Number of registers using Clock Enable       ; 259   ;
; Number of registers using Preset             ; 0     ;
+----------------------------------------------+-------+


+--------------------------------------------------+
; Inverted Register Statistics                     ;
+----------------------------------------+---------+
; Inverted Register                      ; Fan out ;
+----------------------------------------+---------+
; alarma:inst26|counter_internal[5]      ; 25      ;
; alarma:inst26|counter_internal[3]      ; 24      ;
; alarma:inst26|counter_internal[2]      ; 24      ;
; alarma:inst26|counter_internal[0]      ; 25      ;
; Total number of inverted registers = 4 ;         ;
+----------------------------------------+---------+


+----------------------------------------------------------------------------------------------------------------------------------------------------------------------------+
; Multiplexer Restructuring Statistics (Restructuring Performed)                                                                                                             ;
+--------------------+-----------+---------------+----------------------+------------------------+------------+--------------------------------------------------------------+
; Multiplexer Inputs ; Bus Width ; Baseline Area ; Area if Restructured ; Saving if Restructured ; Registered ; Example Multiplexer Output                                   ;
+--------------------+-----------+---------------+----------------------+------------------------+------------+--------------------------------------------------------------+
; 4:1                ; 32 bits   ; 64 LEs        ; 32 LEs               ; 32 LEs                 ; Yes        ; |Vhdl1|resetBox:inst21|counter[0]                            ;
; 4:1                ; 16 bits   ; 32 LEs        ; 16 LEs               ; 16 LEs                 ; Yes        ; |Vhdl1|Timer:inst4|count[11]                                 ;
; 4:1                ; 16 bits   ; 32 LEs        ; 16 LEs               ; 16 LEs                 ; Yes        ; |Vhdl1|Timer:inst5|count[15]                                 ;
; 4:1                ; 16 bits   ; 32 LEs        ; 16 LEs               ; 16 LEs                 ; Yes        ; |Vhdl1|Timer:inst7|count[9]                                  ;
; 4:1                ; 16 bits   ; 32 LEs        ; 16 LEs               ; 16 LEs                 ; Yes        ; |Vhdl1|Timer:inst9|count[8]                                  ;
; 4:1                ; 16 bits   ; 32 LEs        ; 16 LEs               ; 16 LEs                 ; Yes        ; |Vhdl1|Timer:inst10|count[5]                                 ;
; 4:1                ; 16 bits   ; 32 LEs        ; 16 LEs               ; 16 LEs                 ; Yes        ; |Vhdl1|Timer:inst11|count[8]                                 ;
; 4:1                ; 16 bits   ; 32 LEs        ; 16 LEs               ; 16 LEs                 ; Yes        ; |Vhdl1|Timer:inst12|count[14]                                ;
; 4:1                ; 16 bits   ; 32 LEs        ; 16 LEs               ; 16 LEs                 ; Yes        ; |Vhdl1|Timer:inst13|count[4]                                 ;
; 4:1                ; 16 bits   ; 32 LEs        ; 16 LEs               ; 16 LEs                 ; Yes        ; |Vhdl1|Timer:inst14|count[10]                                ;
; 4:1                ; 16 bits   ; 32 LEs        ; 16 LEs               ; 16 LEs                 ; Yes        ; |Vhdl1|Timer:inst15|count[14]                                ;
; 16:1               ; 7 bits    ; 70 LEs        ; 56 LEs               ; 14 LEs                 ; Yes        ; |Vhdl1|sixteenBinaryToSegments:inst17|decimal_value[1]       ;
; 6:1                ; 12 bits   ; 48 LEs        ; 24 LEs               ; 24 LEs                 ; Yes        ; |Vhdl1|alarma:inst26|counter_internal[6]                     ;
; 11:1               ; 16 bits   ; 112 LEs       ; 0 LEs                ; 112 LEs                ; Yes        ; |Vhdl1|contadorVel:inst|counter_internal[1]                  ;
; 21:1               ; 4 bits    ; 56 LEs        ; 4 LEs                ; 52 LEs                 ; Yes        ; |Vhdl1|SwitchCounter:inst1242154215215215215|switch_count[3] ;
; 6:1                ; 4 bits    ; 16 LEs        ; 12 LEs               ; 4 LEs                  ; Yes        ; |Vhdl1|alarma:inst26|counter_internal[2]                     ;
+--------------------+-----------+---------------+----------------------+------------------------+------------+--------------------------------------------------------------+


+-------------------------------------------------------------------------------------------------+
; Parameter Settings for Inferred Entity Instance: sixteenBinaryToSegments:inst17|lpm_divide:Mod0 ;
+------------------------+----------------+-------------------------------------------------------+
; Parameter Name         ; Value          ; Type                                                  ;
+------------------------+----------------+-------------------------------------------------------+
; LPM_WIDTHN             ; 7              ; Untyped                                               ;
; LPM_WIDTHD             ; 7              ; Untyped                                               ;
; LPM_NREPRESENTATION    ; UNSIGNED       ; Untyped                                               ;
; LPM_DREPRESENTATION    ; UNSIGNED       ; Untyped                                               ;
; LPM_PIPELINE           ; 0              ; Untyped                                               ;
; LPM_REMAINDERPOSITIVE  ; TRUE           ; Untyped                                               ;
; MAXIMIZE_SPEED         ; 5              ; Untyped                                               ;
; CBXI_PARAMETER         ; lpm_divide_f8m ; Untyped                                               ;
; CARRY_CHAIN            ; MANUAL         ; Untyped                                               ;
; OPTIMIZE_FOR_SPEED     ; 5              ; Untyped                                               ;
; AUTO_CARRY_CHAINS      ; ON             ; AUTO_CARRY                                            ;
; IGNORE_CARRY_BUFFERS   ; OFF            ; IGNORE_CARRY                                          ;
; AUTO_CASCADE_CHAINS    ; ON             ; AUTO_CASCADE                                          ;
; IGNORE_CASCADE_BUFFERS ; OFF            ; IGNORE_CASCADE                                        ;
+------------------------+----------------+-------------------------------------------------------+
Note: In order to hide this table in the UI and the text report file, please set the "Show Parameter Settings in Synthesis Report" option in "Analysis and Synthesis Settings -> More Settings" to "Off".


+-------------------------------------------------------------------------------------------------+
; Parameter Settings for Inferred Entity Instance: sixteenBinaryToSegments:inst17|lpm_divide:Div0 ;
+------------------------+----------------+-------------------------------------------------------+
; Parameter Name         ; Value          ; Type                                                  ;
+------------------------+----------------+-------------------------------------------------------+
; LPM_WIDTHN             ; 7              ; Untyped                                               ;
; LPM_WIDTHD             ; 4              ; Untyped                                               ;
; LPM_NREPRESENTATION    ; UNSIGNED       ; Untyped                                               ;
; LPM_DREPRESENTATION    ; UNSIGNED       ; Untyped                                               ;
; LPM_PIPELINE           ; 0              ; Untyped                                               ;
; LPM_REMAINDERPOSITIVE  ; TRUE           ; Untyped                                               ;
; MAXIMIZE_SPEED         ; 5              ; Untyped                                               ;
; CBXI_PARAMETER         ; lpm_divide_9gm ; Untyped                                               ;
; CARRY_CHAIN            ; MANUAL         ; Untyped                                               ;
; OPTIMIZE_FOR_SPEED     ; 5              ; Untyped                                               ;
; AUTO_CARRY_CHAINS      ; ON             ; AUTO_CARRY                                            ;
; IGNORE_CARRY_BUFFERS   ; OFF            ; IGNORE_CARRY                                          ;
; AUTO_CASCADE_CHAINS    ; ON             ; AUTO_CASCADE                                          ;
; IGNORE_CASCADE_BUFFERS ; OFF            ; IGNORE_CASCADE                                        ;
+------------------------+----------------+-------------------------------------------------------+
Note: In order to hide this table in the UI and the text report file, please set the "Show Parameter Settings in Synthesis Report" option in "Analysis and Synthesis Settings -> More Settings" to "Off".


+-------------------------------+
; Elapsed Time Per Partition    ;
+----------------+--------------+
; Partition Name ; Elapsed Time ;
+----------------+--------------+
; Top            ; 00:00:02     ;
+----------------+--------------+


+-------------------------------+
; Analysis & Synthesis Messages ;
+-------------------------------+
Info: *******************************************************************
Info: Running Quartus II 64-Bit Analysis & Synthesis
    Info: Version 13.1.0 Build 162 10/23/2013 SJ Web Edition
    Info: Processing started: Tue Nov 28 18:18:23 2023
Info: Command: quartus_map --read_settings_files=on --write_settings_files=off Vhdl1 -c Vhdl1
Warning (20028): Parallel compilation is not licensed and has been disabled
Info (12021): Found 2 design units, including 1 entities, in source file switchcounter.vhd
    Info (12022): Found design unit 1: SwitchCounter-Behavioral
    Info (12023): Found entity 1: SwitchCounter
Info (12021): Found 1 design units, including 1 entities, in source file vhdl1.bdf
    Info (12023): Found entity 1: Vhdl1
Info (12021): Found 2 design units, including 1 entities, in source file sevensegmentdisplay.vhd
    Info (12022): Found design unit 1: SevenSegmentDisplay-Behavioral
    Info (12023): Found entity 1: SevenSegmentDisplay
Warning (12019): Can't analyze file -- file output_files/contadorSel.vhd is missing
Info (12021): Found 2 design units, including 1 entities, in source file contadorsel.vhd
    Info (12022): Found design unit 1: contadorSel-Behavioral
    Info (12023): Found entity 1: contadorSel
Info (12021): Found 2 design units, including 1 entities, in source file timer.vhd
    Info (12022): Found design unit 1: Timer-Behavioral
    Info (12023): Found entity 1: Timer
Warning (12019): Can't analyze file -- file 1hzclk.vhd is missing
Info (12021): Found 2 design units, including 1 entities, in source file clk_1hz.vhd
    Info (12022): Found design unit 1: clk_1hz-Behavioural
    Info (12023): Found entity 1: clk_1hz
Info (12021): Found 2 design units, including 1 entities, in source file output_files/signalselector.vhd
    Info (12022): Found design unit 1: signalSelector-Behavioral
    Info (12023): Found entity 1: signalSelector
Info (12021): Found 2 design units, including 1 entities, in source file output_files/sixteenbinarytosegments.vhd
    Info (12022): Found design unit 1: sixteenBinaryToSegments-Behavioral
    Info (12023): Found entity 1: sixteenBinaryToSegments
Info (12021): Found 2 design units, including 1 entities, in source file output_files/leddisplay.vhd
    Info (12022): Found design unit 1: ledDisplay-Behavioral
    Info (12023): Found entity 1: ledDisplay
Info (12021): Found 2 design units, including 1 entities, in source file output_files/contadorvel.vhd
    Info (12022): Found design unit 1: contadorVel-Behavioral
    Info (12023): Found entity 1: contadorVel
Info (12021): Found 2 design units, including 1 entities, in source file output_files/clk1mhz.vhd
    Info (12022): Found design unit 1: clk1Mhz-Behavioral
    Info (12023): Found entity 1: clk1Mhz
Info (12021): Found 2 design units, including 1 entities, in source file output_files/alarma.vhd
    Info (12022): Found design unit 1: alarma-Behavioral
    Info (12023): Found entity 1: alarma
Info (12021): Found 2 design units, including 1 entities, in source file output_files/clk5hz.vhd
    Info (12022): Found design unit 1: ClockDivider-Behavioral
    Info (12023): Found entity 1: ClockDivider
Info (12021): Found 2 design units, including 1 entities, in source file ignitealarm.vhd
    Info (12022): Found design unit 1: igniteAlarm-Behavioural
    Info (12023): Found entity 1: igniteAlarm
Info (12021): Found 2 design units, including 1 entities, in source file output_files/fewleftalarm.vhd
    Info (12022): Found design unit 1: fewLeftAlarm-Behavioural
    Info (12023): Found entity 1: fewLeftAlarm
Info (12021): Found 2 design units, including 1 entities, in source file resetbox.vhd
    Info (12022): Found design unit 1: resetBox-Behavioral
    Info (12023): Found entity 1: resetBox
Info (12021): Found 2 design units, including 1 entities, in source file output_files/buzzer_controller.vhd
    Info (12022): Found design unit 1: Buzzer_Controller-Behavioral
    Info (12023): Found entity 1: Buzzer_Controller
Info (12127): Elaborating entity "Vhdl1" for the top level hierarchy
Warning (275013): Port "clk" of type igniteAlarm and instance "inst23" is missing source signal
Warning (275013): Port "clk" of type SevenSegmentDisplay and instance "inst1" is missing source signal
Info (12128): Elaborating entity "Buzzer_Controller" for hierarchy "Buzzer_Controller:inst24"
Warning (10492): VHDL Process Statement warning at Buzzer_Controller.vhd(22): signal "alarm" is read inside the Process Statement but isn't in the Process Statement's sensitivity list
Info (12128): Elaborating entity "Timer" for hierarchy "Timer:inst4"
Info (12128): Elaborating entity "clk_1hz" for hierarchy "clk_1hz:inst6"
Info (12128): Elaborating entity "resetBox" for hierarchy "resetBox:inst21"
Info (12128): Elaborating entity "clk1Mhz" for hierarchy "clk1Mhz:inst22"
Info (12128): Elaborating entity "alarma" for hierarchy "alarma:inst26"
Info (12128): Elaborating entity "ClockDivider" for hierarchy "ClockDivider:inst29"
Info (12128): Elaborating entity "fewLeftAlarm" for hierarchy "fewLeftAlarm:inst1234124"
Info (12128): Elaborating entity "SwitchCounter" for hierarchy "SwitchCounter:inst1242154215215215215"
Info (12128): Elaborating entity "ledDisplay" for hierarchy "ledDisplay:inst19"
Info (12128): Elaborating entity "contadorSel" for hierarchy "contadorSel:inst3"
Info (12128): Elaborating entity "igniteAlarm" for hierarchy "igniteAlarm:inst23"
Info (12128): Elaborating entity "sixteenBinaryToSegments" for hierarchy "sixteenBinaryToSegments:inst17"
Info (12128): Elaborating entity "signalSelector" for hierarchy "signalSelector:inst16"
Warning (10492): VHDL Process Statement warning at signalSelector.vhd(29): signal "data_inZero" is read inside the Process Statement but isn't in the Process Statement's sensitivity list
Warning (10492): VHDL Process Statement warning at signalSelector.vhd(30): signal "data_inOne" is read inside the Process Statement but isn't in the Process Statement's sensitivity list
Warning (10492): VHDL Process Statement warning at signalSelector.vhd(31): signal "data_inTwo" is read inside the Process Statement but isn't in the Process Statement's sensitivity list
Warning (10492): VHDL Process Statement warning at signalSelector.vhd(32): signal "data_inTres" is read inside the Process Statement but isn't in the Process Statement's sensitivity list
Warning (10492): VHDL Process Statement warning at signalSelector.vhd(33): signal "data_inFour" is read inside the Process Statement but isn't in the Process Statement's sensitivity list
Warning (10492): VHDL Process Statement warning at signalSelector.vhd(34): signal "data_inFive" is read inside the Process Statement but isn't in the Process Statement's sensitivity list
Warning (10492): VHDL Process Statement warning at signalSelector.vhd(35): signal "data_inSix" is read inside the Process Statement but isn't in the Process Statement's sensitivity list
Warning (10492): VHDL Process Statement warning at signalSelector.vhd(36): signal "data_inSeven" is read inside the Process Statement but isn't in the Process Statement's sensitivity list
Warning (10492): VHDL Process Statement warning at signalSelector.vhd(37): signal "data_inOcho" is read inside the Process Statement but isn't in the Process Statement's sensitivity list
Warning (10492): VHDL Process Statement warning at signalSelector.vhd(38): signal "data_inNine" is read inside the Process Statement but isn't in the Process Statement's sensitivity list
Warning (10492): VHDL Process Statement warning at signalSelector.vhd(39): signal "data_inTen" is read inside the Process Statement but isn't in the Process Statement's sensitivity list
Warning (10492): VHDL Process Statement warning at signalSelector.vhd(40): signal "data_inEleven" is read inside the Process Statement but isn't in the Process Statement's sensitivity list
Info (12128): Elaborating entity "contadorVel" for hierarchy "contadorVel:inst"
Info (12128): Elaborating entity "SevenSegmentDisplay" for hierarchy "SevenSegmentDisplay:inst1"
Info (278001): Inferred 2 megafunctions from design logic
    Info (278004): Inferred divider/modulo megafunction ("lpm_divide") from the following logic: "sixteenBinaryToSegments:inst17|Mod0"
    Info (278004): Inferred divider/modulo megafunction ("lpm_divide") from the following logic: "sixteenBinaryToSegments:inst17|Div0"
Info (12130): Elaborated megafunction instantiation "sixteenBinaryToSegments:inst17|lpm_divide:Mod0"
Info (12133): Instantiated megafunction "sixteenBinaryToSegments:inst17|lpm_divide:Mod0" with the following parameter:
    Info (12134): Parameter "LPM_WIDTHN" = "7"
    Info (12134): Parameter "LPM_WIDTHD" = "7"
    Info (12134): Parameter "LPM_NREPRESENTATION" = "UNSIGNED"
    Info (12134): Parameter "LPM_DREPRESENTATION" = "UNSIGNED"
Info (12021): Found 1 design units, including 1 entities, in source file db/lpm_divide_f8m.tdf
    Info (12023): Found entity 1: lpm_divide_f8m
Info (12021): Found 1 design units, including 1 entities, in source file db/sign_div_unsign_dkh.tdf
    Info (12023): Found entity 1: sign_div_unsign_dkh
Info (12021): Found 1 design units, including 1 entities, in source file db/alt_u_div_53f.tdf
    Info (12023): Found entity 1: alt_u_div_53f
Info (12021): Found 1 design units, including 1 entities, in source file db/add_sub_unc.tdf
    Info (12023): Found entity 1: add_sub_unc
Info (12021): Found 1 design units, including 1 entities, in source file db/add_sub_vnc.tdf
    Info (12023): Found entity 1: add_sub_vnc
Info (12130): Elaborated megafunction instantiation "sixteenBinaryToSegments:inst17|lpm_divide:Div0"
Info (12133): Instantiated megafunction "sixteenBinaryToSegments:inst17|lpm_divide:Div0" with the following parameter:
    Info (12134): Parameter "LPM_WIDTHN" = "7"
    Info (12134): Parameter "LPM_WIDTHD" = "4"
    Info (12134): Parameter "LPM_NREPRESENTATION" = "UNSIGNED"
    Info (12134): Parameter "LPM_DREPRESENTATION" = "UNSIGNED"
Info (12021): Found 1 design units, including 1 entities, in source file db/lpm_divide_9gm.tdf
    Info (12023): Found entity 1: lpm_divide_9gm
Info (12021): Found 1 design units, including 1 entities, in source file db/sign_div_unsign_akh.tdf
    Info (12023): Found entity 1: sign_div_unsign_akh
Info (12021): Found 1 design units, including 1 entities, in source file db/alt_u_div_v2f.tdf
    Info (12023): Found entity 1: alt_u_div_v2f
Warning (13024): Output pins are stuck at VCC or GND
    Warning (13410): Pin "salidaAlarma[1]" is stuck at VCC
    Warning (13410): Pin "salidaAlarma[0]" is stuck at VCC
Info (286030): Timing-Driven Synthesis is running
Info (17049): 9 registers lost all their fanouts during netlist optimizations.
Info (16010): Generating hard_block partition "hard_block:auto_generated_inst"
    Info (16011): Adding 0 node(s), including 0 DDIO, 0 PLL, 0 transceiver and 0 LCELL
Info (21057): Implemented 1030 device resources after synthesis - the final resource count might be different
    Info (21058): Implemented 14 input pins
    Info (21059): Implemented 43 output pins
    Info (21061): Implemented 973 logic cells
Info: Quartus II 64-Bit Analysis & Synthesis was successful. 0 errors, 21 warnings
    Info: Peak virtual memory: 4703 megabytes
    Info: Processing ended: Tue Nov 28 18:18:30 2023
    Info: Elapsed time: 00:00:07
    Info: Total CPU time (on all processors): 00:00:04


